<?xml version="1.0" encoding="UTF-8"?>
<!-- Generated by org.testng.reporters.JUnitReportReporter -->
<testsuite hostname="ip-172-31-159-40" failures="0" tests="2" name="com.qatechhub.tests.ContactUsTests" time="17.220" errors="0" timestamp="2021-04-01T09:01:43 UTC" skipped="0">
  <testcase classname="com.qatechhub.tests.ContactUsTests" name="verifyContactUsForm" time="7.454"/>
  <system-out/>
  <testcase classname="com.qatechhub.tests.ContactUsTests" name="verifyContactUsForm" time="9.766"/>
  <system-out/>
</testsuite> <!-- com.qatechhub.tests.ContactUsTests -->
